  [1m[35m (410.3ms)[0m  [1m[35mCREATE DATABASE "troca_aqui_api_rails_heroku_development" ENCODING = 'unicode'[0m
  [1m[35m (320.2ms)[0m  [1m[35mCREATE DATABASE "troca_aqui_api_rails_heroku_test" ENCODING = 'unicode'[0m
  [1m[35m (15.4ms)[0m  [1m[35mCREATE TABLE "schema_migrations" ("version" character varying NOT NULL PRIMARY KEY)[0m
  [1m[35m (5.6ms)[0m  [1m[35mCREATE TABLE "ar_internal_metadata" ("key" character varying NOT NULL PRIMARY KEY, "value" character varying, "created_at" timestamp(6) NOT NULL, "updated_at" timestamp(6) NOT NULL)[0m
  [1m[35m (0.5ms)[0m  [1m[34mSELECT pg_try_advisory_lock(3309701616368898450)[0m
  [1m[35m (0.6ms)[0m  [1m[34mSELECT "schema_migrations"."version" FROM "schema_migrations" ORDER BY "schema_migrations"."version" ASC[0m
Migrating to CreatePessoas (20191014121528)
  [1m[35m (0.2ms)[0m  [1m[35mBEGIN[0m
  [1m[35m (8.7ms)[0m  [1m[35mCREATE TABLE "pessoas" ("id" bigserial primary key, "nome" character varying, "email" character varying, "cidade" character varying, "data_nasc" timestamp, "telefone" character varying, "created_at" timestamp(6) NOT NULL, "updated_at" timestamp(6) NOT NULL)[0m
  [1m[36mprimary::SchemaMigration Create (2.2ms)[0m  [1m[32mINSERT INTO "schema_migrations" ("version") VALUES ($1) RETURNING "version"[0m  [["version", "20191014121528"]]
  [1m[35m (1.3ms)[0m  [1m[35mCOMMIT[0m
Migrating to CreateItems (20191014121629)
  [1m[35m (0.3ms)[0m  [1m[35mBEGIN[0m
  [1m[35m (6.5ms)[0m  [1m[35mCREATE TABLE "items" ("id" bigserial primary key, "nome" character varying, "categoria" character varying, "valor_aprox" float, "desejo" character varying, "quant" integer, "pessoa_id" bigint NOT NULL, "disp" boolean, "created_at" timestamp(6) NOT NULL, "updated_at" timestamp(6) NOT NULL, CONSTRAINT "fk_rails_ef7b06d962"
FOREIGN KEY ("pessoa_id")
  REFERENCES "pessoas" ("id")
)[0m
  [1m[35m (4.7ms)[0m  [1m[35mCREATE  INDEX  "index_items_on_pessoa_id" ON "items"  ("pessoa_id")[0m
  [1m[36mprimary::SchemaMigration Create (0.7ms)[0m  [1m[32mINSERT INTO "schema_migrations" ("version") VALUES ($1) RETURNING "version"[0m  [["version", "20191014121629"]]
  [1m[35m (1.4ms)[0m  [1m[35mCOMMIT[0m
  [1m[36mActiveRecord::InternalMetadata Load (0.3ms)[0m  [1m[34mSELECT "ar_internal_metadata".* FROM "ar_internal_metadata" WHERE "ar_internal_metadata"."key" = $1 LIMIT $2[0m  [["key", "environment"], ["LIMIT", 1]]
  [1m[35m (0.2ms)[0m  [1m[35mBEGIN[0m
  [1m[36mActiveRecord::InternalMetadata Create (0.5ms)[0m  [1m[32mINSERT INTO "ar_internal_metadata" ("key", "value", "created_at", "updated_at") VALUES ($1, $2, $3, $4) RETURNING "key"[0m  [["key", "environment"], ["value", "development"], ["created_at", "2019-10-14 12:17:47.824275"], ["updated_at", "2019-10-14 12:17:47.824275"]]
  [1m[35m (1.5ms)[0m  [1m[35mCOMMIT[0m
  [1m[35m (0.3ms)[0m  [1m[34mSELECT pg_advisory_unlock(3309701616368898450)[0m
  [1m[35m (1.5ms)[0m  [1m[34mSELECT "schema_migrations"."version" FROM "schema_migrations" ORDER BY "schema_migrations"."version" ASC[0m
Started GET "/" for ::1 at 2019-10-14 09:18:25 -0300
  [1m[35m (0.7ms)[0m  [1m[34mSELECT "schema_migrations"."version" FROM "schema_migrations" ORDER BY "schema_migrations"."version" ASC[0m
Processing by Rails::WelcomeController#index as HTML
  Rendering /Users/daniel/.rvm/gems/ruby-2.6.4/gems/railties-6.0.0/lib/rails/templates/rails/welcome/index.html.erb
  Rendered /Users/daniel/.rvm/gems/ruby-2.6.4/gems/railties-6.0.0/lib/rails/templates/rails/welcome/index.html.erb (Duration: 9.5ms | Allocations: 475)
Completed 200 OK in 32ms (Views: 23.1ms | ActiveRecord: 0.0ms | Allocations: 2665)


Started GET "/favicon.ico" for ::1 at 2019-10-14 09:18:26 -0300
  
ActionController::RoutingError (No route matches [GET] "/favicon.ico"):
  
actionpack (6.0.0) lib/action_dispatch/middleware/debug_exceptions.rb:36:in `call'
actionpack (6.0.0) lib/action_dispatch/middleware/show_exceptions.rb:33:in `call'
railties (6.0.0) lib/rails/rack/logger.rb:38:in `call_app'
railties (6.0.0) lib/rails/rack/logger.rb:26:in `block in call'
activesupport (6.0.0) lib/active_support/tagged_logging.rb:80:in `block in tagged'
activesupport (6.0.0) lib/active_support/tagged_logging.rb:28:in `tagged'
activesupport (6.0.0) lib/active_support/tagged_logging.rb:80:in `tagged'
railties (6.0.0) lib/rails/rack/logger.rb:26:in `call'
actionpack (6.0.0) lib/action_dispatch/middleware/remote_ip.rb:81:in `call'
actionpack (6.0.0) lib/action_dispatch/middleware/request_id.rb:27:in `call'
rack (2.0.7) lib/rack/runtime.rb:22:in `call'
activesupport (6.0.0) lib/active_support/cache/strategy/local_cache_middleware.rb:29:in `call'
actionpack (6.0.0) lib/action_dispatch/middleware/executor.rb:14:in `call'
actionpack (6.0.0) lib/action_dispatch/middleware/static.rb:126:in `call'
rack (2.0.7) lib/rack/sendfile.rb:111:in `call'
actionpack (6.0.0) lib/action_dispatch/middleware/host_authorization.rb:83:in `call'
railties (6.0.0) lib/rails/engine.rb:526:in `call'
puma (3.12.1) lib/puma/configuration.rb:227:in `call'
puma (3.12.1) lib/puma/server.rb:660:in `handle_request'
puma (3.12.1) lib/puma/server.rb:474:in `process_client'
puma (3.12.1) lib/puma/server.rb:334:in `block in run'
puma (3.12.1) lib/puma/thread_pool.rb:135:in `block in spawn_thread'
Started GET "/items" for ::1 at 2019-10-14 09:18:28 -0300
Processing by ItemsController#index as HTML
  [1m[36mItem Load (0.7ms)[0m  [1m[34mSELECT "items".* FROM "items"[0m
  ↳ app/controllers/items_controller.rb:8:in `index'
Completed 200 OK in 10ms (Views: 2.4ms | ActiveRecord: 2.2ms | Allocations: 3138)


Started GET "/" for ::1 at 2019-10-15 23:39:43 -0300
  
PG::ConnectionBad (could not connect to server: No such file or directory
	Is the server running locally and accepting
	connections on Unix domain socket "/var/run/postgresql/.s.PGSQL.5432"?
):
  
pg (1.1.4) lib/pg.rb:56:in `initialize'
pg (1.1.4) lib/pg.rb:56:in `new'
pg (1.1.4) lib/pg.rb:56:in `connect'
activerecord (6.0.0) lib/active_record/connection_adapters/postgresql_adapter.rb:46:in `postgresql_connection'
activerecord (6.0.0) lib/active_record/connection_adapters/abstract/connection_pool.rb:879:in `new_connection'
activerecord (6.0.0) lib/active_record/connection_adapters/abstract/connection_pool.rb:923:in `checkout_new_connection'
activerecord (6.0.0) lib/active_record/connection_adapters/abstract/connection_pool.rb:902:in `try_to_checkout_new_connection'
activerecord (6.0.0) lib/active_record/connection_adapters/abstract/connection_pool.rb:863:in `acquire_connection'
activerecord (6.0.0) lib/active_record/connection_adapters/abstract/connection_pool.rb:587:in `checkout'
activerecord (6.0.0) lib/active_record/connection_adapters/abstract/connection_pool.rb:431:in `connection'
activerecord (6.0.0) lib/active_record/connection_adapters/abstract/connection_pool.rb:1111:in `retrieve_connection'
activerecord (6.0.0) lib/active_record/connection_handling.rb:231:in `retrieve_connection'
activerecord (6.0.0) lib/active_record/connection_handling.rb:199:in `connection'
activerecord (6.0.0) lib/active_record/migration.rb:562:in `call'
actionpack (6.0.0) lib/action_dispatch/middleware/callbacks.rb:27:in `block in call'
activesupport (6.0.0) lib/active_support/callbacks.rb:101:in `run_callbacks'
actionpack (6.0.0) lib/action_dispatch/middleware/callbacks.rb:26:in `call'
actionpack (6.0.0) lib/action_dispatch/middleware/executor.rb:14:in `call'
actionpack (6.0.0) lib/action_dispatch/middleware/actionable_exceptions.rb:17:in `call'
actionpack (6.0.0) lib/action_dispatch/middleware/debug_exceptions.rb:32:in `call'
actionpack (6.0.0) lib/action_dispatch/middleware/show_exceptions.rb:33:in `call'
railties (6.0.0) lib/rails/rack/logger.rb:38:in `call_app'
railties (6.0.0) lib/rails/rack/logger.rb:26:in `block in call'
activesupport (6.0.0) lib/active_support/tagged_logging.rb:80:in `block in tagged'
activesupport (6.0.0) lib/active_support/tagged_logging.rb:28:in `tagged'
activesupport (6.0.0) lib/active_support/tagged_logging.rb:80:in `tagged'
railties (6.0.0) lib/rails/rack/logger.rb:26:in `call'
actionpack (6.0.0) lib/action_dispatch/middleware/remote_ip.rb:81:in `call'
actionpack (6.0.0) lib/action_dispatch/middleware/request_id.rb:27:in `call'
rack (2.0.7) lib/rack/runtime.rb:22:in `call'
activesupport (6.0.0) lib/active_support/cache/strategy/local_cache_middleware.rb:29:in `call'
actionpack (6.0.0) lib/action_dispatch/middleware/executor.rb:14:in `call'
actionpack (6.0.0) lib/action_dispatch/middleware/static.rb:126:in `call'
rack (2.0.7) lib/rack/sendfile.rb:111:in `call'
actionpack (6.0.0) lib/action_dispatch/middleware/host_authorization.rb:83:in `call'
railties (6.0.0) lib/rails/engine.rb:526:in `call'
puma (3.12.1) lib/puma/configuration.rb:227:in `call'
puma (3.12.1) lib/puma/server.rb:660:in `handle_request'
puma (3.12.1) lib/puma/server.rb:474:in `process_client'
puma (3.12.1) lib/puma/server.rb:334:in `block in run'
puma (3.12.1) lib/puma/thread_pool.rb:135:in `block in spawn_thread'
Started GET "/favicon.ico" for ::1 at 2019-10-15 23:39:43 -0300
  
PG::ConnectionBad (could not connect to server: No such file or directory
	Is the server running locally and accepting
	connections on Unix domain socket "/var/run/postgresql/.s.PGSQL.5432"?
):
  
pg (1.1.4) lib/pg.rb:56:in `initialize'
pg (1.1.4) lib/pg.rb:56:in `new'
pg (1.1.4) lib/pg.rb:56:in `connect'
activerecord (6.0.0) lib/active_record/connection_adapters/postgresql_adapter.rb:46:in `postgresql_connection'
activerecord (6.0.0) lib/active_record/connection_adapters/abstract/connection_pool.rb:879:in `new_connection'
activerecord (6.0.0) lib/active_record/connection_adapters/abstract/connection_pool.rb:923:in `checkout_new_connection'
activerecord (6.0.0) lib/active_record/connection_adapters/abstract/connection_pool.rb:902:in `try_to_checkout_new_connection'
activerecord (6.0.0) lib/active_record/connection_adapters/abstract/connection_pool.rb:863:in `acquire_connection'
activerecord (6.0.0) lib/active_record/connection_adapters/abstract/connection_pool.rb:587:in `checkout'
activerecord (6.0.0) lib/active_record/connection_adapters/abstract/connection_pool.rb:431:in `connection'
activerecord (6.0.0) lib/active_record/connection_adapters/abstract/connection_pool.rb:1111:in `retrieve_connection'
activerecord (6.0.0) lib/active_record/connection_handling.rb:231:in `retrieve_connection'
activerecord (6.0.0) lib/active_record/connection_handling.rb:199:in `connection'
activerecord (6.0.0) lib/active_record/migration.rb:562:in `call'
actionpack (6.0.0) lib/action_dispatch/middleware/callbacks.rb:27:in `block in call'
activesupport (6.0.0) lib/active_support/callbacks.rb:101:in `run_callbacks'
actionpack (6.0.0) lib/action_dispatch/middleware/callbacks.rb:26:in `call'
actionpack (6.0.0) lib/action_dispatch/middleware/executor.rb:14:in `call'
actionpack (6.0.0) lib/action_dispatch/middleware/actionable_exceptions.rb:17:in `call'
actionpack (6.0.0) lib/action_dispatch/middleware/debug_exceptions.rb:32:in `call'
actionpack (6.0.0) lib/action_dispatch/middleware/show_exceptions.rb:33:in `call'
railties (6.0.0) lib/rails/rack/logger.rb:38:in `call_app'
railties (6.0.0) lib/rails/rack/logger.rb:26:in `block in call'
activesupport (6.0.0) lib/active_support/tagged_logging.rb:80:in `block in tagged'
activesupport (6.0.0) lib/active_support/tagged_logging.rb:28:in `tagged'
activesupport (6.0.0) lib/active_support/tagged_logging.rb:80:in `tagged'
railties (6.0.0) lib/rails/rack/logger.rb:26:in `call'
actionpack (6.0.0) lib/action_dispatch/middleware/remote_ip.rb:81:in `call'
actionpack (6.0.0) lib/action_dispatch/middleware/request_id.rb:27:in `call'
rack (2.0.7) lib/rack/runtime.rb:22:in `call'
activesupport (6.0.0) lib/active_support/cache/strategy/local_cache_middleware.rb:29:in `call'
actionpack (6.0.0) lib/action_dispatch/middleware/executor.rb:14:in `call'
actionpack (6.0.0) lib/action_dispatch/middleware/static.rb:126:in `call'
rack (2.0.7) lib/rack/sendfile.rb:111:in `call'
actionpack (6.0.0) lib/action_dispatch/middleware/host_authorization.rb:83:in `call'
railties (6.0.0) lib/rails/engine.rb:526:in `call'
puma (3.12.1) lib/puma/configuration.rb:227:in `call'
puma (3.12.1) lib/puma/server.rb:660:in `handle_request'
puma (3.12.1) lib/puma/server.rb:474:in `process_client'
puma (3.12.1) lib/puma/server.rb:334:in `block in run'
puma (3.12.1) lib/puma/thread_pool.rb:135:in `block in spawn_thread'
Started GET "/" for ::1 at 2019-10-15 23:47:36 -0300
Processing by Rails::WelcomeController#index as HTML
  Rendering /home/mateus/.rbenv/versions/2.6.0/lib/ruby/gems/2.6.0/gems/railties-6.0.0/lib/rails/templates/rails/welcome/index.html.erb
  Rendered /home/mateus/.rbenv/versions/2.6.0/lib/ruby/gems/2.6.0/gems/railties-6.0.0/lib/rails/templates/rails/welcome/index.html.erb (Duration: 10.2ms | Allocations: 315)
Completed 200 OK in 13ms (Views: 11.9ms | ActiveRecord: 0.0ms | Allocations: 1596)


Started GET "/favicon.ico" for ::1 at 2019-10-15 23:47:38 -0300
  
ActionController::RoutingError (No route matches [GET] "/favicon.ico"):
  
actionpack (6.0.0) lib/action_dispatch/middleware/debug_exceptions.rb:36:in `call'
actionpack (6.0.0) lib/action_dispatch/middleware/show_exceptions.rb:33:in `call'
railties (6.0.0) lib/rails/rack/logger.rb:38:in `call_app'
railties (6.0.0) lib/rails/rack/logger.rb:26:in `block in call'
activesupport (6.0.0) lib/active_support/tagged_logging.rb:80:in `block in tagged'
activesupport (6.0.0) lib/active_support/tagged_logging.rb:28:in `tagged'
activesupport (6.0.0) lib/active_support/tagged_logging.rb:80:in `tagged'
railties (6.0.0) lib/rails/rack/logger.rb:26:in `call'
actionpack (6.0.0) lib/action_dispatch/middleware/remote_ip.rb:81:in `call'
actionpack (6.0.0) lib/action_dispatch/middleware/request_id.rb:27:in `call'
rack (2.0.7) lib/rack/runtime.rb:22:in `call'
activesupport (6.0.0) lib/active_support/cache/strategy/local_cache_middleware.rb:29:in `call'
actionpack (6.0.0) lib/action_dispatch/middleware/executor.rb:14:in `call'
actionpack (6.0.0) lib/action_dispatch/middleware/static.rb:126:in `call'
rack (2.0.7) lib/rack/sendfile.rb:111:in `call'
actionpack (6.0.0) lib/action_dispatch/middleware/host_authorization.rb:83:in `call'
railties (6.0.0) lib/rails/engine.rb:526:in `call'
puma (3.12.1) lib/puma/configuration.rb:227:in `call'
puma (3.12.1) lib/puma/server.rb:660:in `handle_request'
puma (3.12.1) lib/puma/server.rb:474:in `process_client'
puma (3.12.1) lib/puma/server.rb:334:in `block in run'
puma (3.12.1) lib/puma/thread_pool.rb:135:in `block in spawn_thread'
Started GET "/items" for ::1 at 2019-10-15 23:47:47 -0300
Processing by ItemsController#index as HTML
  [1m[36mItem Load (191.8ms)[0m  [1m[34mSELECT "items".* FROM "items"[0m
  ↳ app/controllers/items_controller.rb:8:in `index'
Completed 200 OK in 1077ms (Views: 18.4ms | ActiveRecord: 1040.8ms | Allocations: 12917)


